<?xml version="1.0" encoding="UTF-8"?>
<!-- Generated by org.testng.reporters.JUnitReportReporter -->
<testsuite skipped="0" hostname="DESKTOP-BURK48L" name="com.moduleone.SampleDataProviderTest" tests="3" failures="0" timestamp="18 Jul 2022 14:02:50 GMT" time="0.003" errors="0">
  <testcase name="login" time="0.003" classname="com.moduleone.SampleDataProviderTest"/>
  <testcase name="login" time="0.000" classname="com.moduleone.SampleDataProviderTest"/>
  <testcase name="login" time="0.000" classname="com.moduleone.SampleDataProviderTest"/>
</testsuite> <!-- com.moduleone.SampleDataProviderTest -->
